<?xml version="1.0" encoding="UTF-8"?>
<!-- Generated by org.testng.reporters.JUnitReportReporter -->
<testsuite hostname="LAPTOP-RAQOTQJ9" failures="0" tests="2" name="Pickaboo.Google" time="41.724" errors="0" timestamp="2024-09-15T11:30:43 BDT" skipped="0">
  <testcase classname="Pickaboo.Google" name="openUrl" time="5.103"/>
  <testcase classname="Pickaboo.Google" name="pressEnter" time="36.621"/>
</testsuite> <!-- Pickaboo.Google -->
